<?xml version="1.0" encoding="UTF-8"?>
<testng-results ignored="0" total="1" passed="1" failed="0" skipped="0">
  <reporter-output>
  </reporter-output>
  <suite started-at="2022-12-04T22:25:03 EST" name="Default suite" finished-at="2022-12-04T22:25:06 EST" duration-ms="2977">
    <groups>
    </groups>
    <test started-at="2022-12-04T22:25:03 EST" name="Default test" finished-at="2022-12-04T22:25:06 EST" duration-ms="2977">
      <class name="test1.Class1">
        <test-method signature="LaunchBrowser()[pri:0, instance:test1.Class1@bae7dc0]" started-at="2022-12-04T22:25:03 EST" name="LaunchBrowser" finished-at="2022-12-04T22:25:06 EST" duration-ms="2946" status="PASS">
          <reporter-output>
          </reporter-output>
        </test-method> <!-- LaunchBrowser -->
      </class> <!-- test1.Class1 -->
    </test> <!-- Default test -->
  </suite> <!-- Default suite -->
</testng-results>
